0 info it worked if it ends with ok
1 verbose cli [ '/usr/local/bin/node', '/usr/local/bin/npm', 'run', 'build' ]
2 info using npm@3.10.9
3 info using node@v6.9.2
4 verbose run-script [ 'prebuild', 'build', 'postbuild' ]
5 info lifecycle securitization-gitbook@0.0.1~prebuild: securitization-gitbook@0.0.1
6 silly lifecycle securitization-gitbook@0.0.1~prebuild: no script for prebuild, continuing
7 info lifecycle securitization-gitbook@0.0.1~build: securitization-gitbook@0.0.1
8 verbose lifecycle securitization-gitbook@0.0.1~build: unsafe-perm in lifecycle true
9 verbose lifecycle securitization-gitbook@0.0.1~build: PATH: /usr/local/lib/node_modules/npm/bin/node-gyp-bin:/Users/audreyt/v/securitization-gitbook/node_modules/.bin:/Users/audreyt/.rakudobrew/bin:/Users/audreyt/perl5/perlbrew/bin:/Users/audreyt/perl5/perlbrew/perls/perl-5.24.0/bin:/Applications/Postgres.app/Contents/Versions/9.4/bin:/Users/audreyt/i/doh-cancer/phantomjs/bin:/Users/audreyt/i/doh-cancer/n1k0-casperjs-cd1fab5/bin:/Users/audreyt/android-sdks/tools:/Users/audreyt/bin:/Users/audreyt/node_modules/.bin:/Users/audreyt/Library/Haskell/ghc-7.0.3/lib/snap-0.5.1.3/bin:/usr/local/ActivePerl-5.16/bin:/usr/local/ActivePerl-5.16/site/bin:/usr/local/cuda/bin:/Library/PostgreSQL/9.2/bin:/Users/audreyt/bin:/Users/audreyt/.cabal/bin:/usr/local/git/bin:/usr/local/bin:/usr/bin:/opt/local/bin:/opt/local/sbin:/Users/audreyt/stbin:/Users/audreyt/bin:/Users/audreyt/local/bin:/opt/vim/bin:/usr/local/bin:/Users/audreyt/src/st/socialtext/nlw/bin:/Users/audreyt/src/st/socialtext/nlw/dev-bin:/nlw/bin:/nlw/dev-bin:/usr/local/bin:/usr/bin:/bin:/usr/sbin:/sbin:/opt/X11/bin:/.stdefaultenv-done:/Users/audreyt/src/st/stconfig/stbin:/Users/audreyt/bin:/Users/audreyt/.cabal/bin:/Users/audreyt/scala/bin:/Users/audreyt/.rakudobrew/moar-nom/install/share/perl6/site/bin:/Users/audreyt/i/rakudo/parrot_install/bin:/usr/local/Cellar/gettext/0.18.1.1/bin:/Users/audreyt/scala/bin:/Users/audreyt/src/st/socialtext/nlw/bin:/Users/audreyt/src/st/socialtext/nlw/dev-bin:/usr/local/sbin:/Users/audreyt/go/bin
10 verbose lifecycle securitization-gitbook@0.0.1~build: CWD: /Users/audreyt/v/securitization-gitbook
11 silly lifecycle securitization-gitbook@0.0.1~build: Args: [ '-c', 'gitbook build .' ]
12 silly lifecycle securitization-gitbook@0.0.1~build: Returned: code: 255  signal: null
13 info lifecycle securitization-gitbook@0.0.1~build: Failed to exec build script
14 verbose stack Error: securitization-gitbook@0.0.1 build: `gitbook build .`
14 verbose stack Exit status 255
14 verbose stack     at EventEmitter.<anonymous> (/usr/local/lib/node_modules/npm/lib/utils/lifecycle.js:255:16)
14 verbose stack     at emitTwo (events.js:106:13)
14 verbose stack     at EventEmitter.emit (events.js:191:7)
14 verbose stack     at ChildProcess.<anonymous> (/usr/local/lib/node_modules/npm/lib/utils/spawn.js:40:14)
14 verbose stack     at emitTwo (events.js:106:13)
14 verbose stack     at ChildProcess.emit (events.js:191:7)
14 verbose stack     at maybeClose (internal/child_process.js:877:16)
14 verbose stack     at Process.ChildProcess._handle.onexit (internal/child_process.js:226:5)
15 verbose pkgid securitization-gitbook@0.0.1
16 verbose cwd /Users/audreyt/v/securitization-gitbook
17 error Darwin 16.1.0
18 error argv "/usr/local/bin/node" "/usr/local/bin/npm" "run" "build"
19 error node v6.9.2
20 error npm  v3.10.9
21 error code ELIFECYCLE
22 error securitization-gitbook@0.0.1 build: `gitbook build .`
22 error Exit status 255
23 error Failed at the securitization-gitbook@0.0.1 build script 'gitbook build .'.
23 error Make sure you have the latest version of node.js and npm installed.
23 error If you do, this is most likely a problem with the securitization-gitbook package,
23 error not with npm itself.
23 error Tell the author that this fails on your system:
23 error     gitbook build .
23 error You can get information on how to open an issue for this project with:
23 error     npm bugs securitization-gitbook
23 error Or if that isn't available, you can get their info via:
23 error     npm owner ls securitization-gitbook
23 error There is likely additional logging output above.
24 verbose exit [ 1, true ]
